[0.009s] Invoking command in '/home/siddarth/ws_ddmobile/build/mobile_dd_robot': CMAKE_PREFIX_PATH=/opt/ros/humble /usr/bin/cmake /home/siddarth/ws_ddmobile/src/mobile_dd_robot -DCMAKE_INSTALL_PREFIX=/home/siddarth/ws_ddmobile/install/mobile_dd_robot
[0.063s] -- The C compiler identification is GNU 11.4.0
[0.112s] -- The CXX compiler identification is GNU 11.4.0
[0.119s] -- Detecting C compiler ABI info
[0.189s] -- Detecting C compiler ABI info - done
[0.194s] -- Check for working C compiler: /usr/bin/cc - skipped
[0.194s] -- Detecting C compile features
[0.195s] -- Detecting C compile features - done
[0.197s] -- Detecting CXX compiler ABI info
[0.277s] -- Detecting CXX compiler ABI info - done
[0.283s] -- Check for working CXX compiler: /usr/bin/c++ - skipped
[0.283s] -- Detecting CXX compile features
[0.283s] -- Detecting CXX compile features - done
[0.286s] -- Found ament_cmake: 1.3.9 (/opt/ros/humble/share/ament_cmake/cmake)
[0.408s] -- Found Python3: /usr/bin/python3 (found version "3.10.12") found components: Interpreter 
[0.480s] -- Found ament_lint_auto: 0.12.11 (/opt/ros/humble/share/ament_lint_auto/cmake)
[0.541s] -- Added test 'flake8' to check Python code syntax and style conventions
[0.541s] -- Added test 'lint_cmake' to check CMake code style
[0.541s] -- Added test 'pep257' to check Python code against some of the docstring style conventions in PEP 257
[0.542s] -- Added test 'xmllint' to check XML markup files
[0.543s] -- Configuring done
[0.546s] -- Generating done
[0.547s] -- Build files have been written to: /home/siddarth/ws_ddmobile/build/mobile_dd_robot
[0.553s] Invoked command in '/home/siddarth/ws_ddmobile/build/mobile_dd_robot' returned '0': CMAKE_PREFIX_PATH=/opt/ros/humble /usr/bin/cmake /home/siddarth/ws_ddmobile/src/mobile_dd_robot -DCMAKE_INSTALL_PREFIX=/home/siddarth/ws_ddmobile/install/mobile_dd_robot
[0.556s] Invoking command in '/home/siddarth/ws_ddmobile/build/mobile_dd_robot': CMAKE_PREFIX_PATH=/opt/ros/humble /usr/bin/cmake --build /home/siddarth/ws_ddmobile/build/mobile_dd_robot -- -j12 -l12
[0.596s] Invoked command in '/home/siddarth/ws_ddmobile/build/mobile_dd_robot' returned '0': CMAKE_PREFIX_PATH=/opt/ros/humble /usr/bin/cmake --build /home/siddarth/ws_ddmobile/build/mobile_dd_robot -- -j12 -l12
[0.633s] Invoking command in '/home/siddarth/ws_ddmobile/build/mobile_dd_robot': CMAKE_PREFIX_PATH=/opt/ros/humble /usr/bin/cmake --install /home/siddarth/ws_ddmobile/build/mobile_dd_robot
[0.641s] -- Install configuration: ""
[0.641s] -- Up-to-date: /home/siddarth/ws_ddmobile/install/mobile_dd_robot/share/mobile_dd_robot/launch
[0.641s] -- Up-to-date: /home/siddarth/ws_ddmobile/install/mobile_dd_robot/share/mobile_dd_robot/launch/gazebo_model.launch.py
[0.641s] -- Up-to-date: /home/siddarth/ws_ddmobile/install/mobile_dd_robot/share/mobile_dd_robot/model
[0.642s] -- Up-to-date: /home/siddarth/ws_ddmobile/install/mobile_dd_robot/share/mobile_dd_robot/model/robot.xacro
[0.642s] -- Up-to-date: /home/siddarth/ws_ddmobile/install/mobile_dd_robot/share/mobile_dd_robot/model/robot.gazebo
[0.642s] -- Installing: /home/siddarth/ws_ddmobile/install/mobile_dd_robot/share/ament_index/resource_index/package_run_dependencies/mobile_dd_robot
[0.642s] -- Installing: /home/siddarth/ws_ddmobile/install/mobile_dd_robot/share/ament_index/resource_index/parent_prefix_path/mobile_dd_robot
[0.642s] -- Up-to-date: /home/siddarth/ws_ddmobile/install/mobile_dd_robot/share/mobile_dd_robot/environment/ament_prefix_path.sh
[0.642s] -- Installing: /home/siddarth/ws_ddmobile/install/mobile_dd_robot/share/mobile_dd_robot/environment/ament_prefix_path.dsv
[0.642s] -- Up-to-date: /home/siddarth/ws_ddmobile/install/mobile_dd_robot/share/mobile_dd_robot/environment/path.sh
[0.642s] -- Installing: /home/siddarth/ws_ddmobile/install/mobile_dd_robot/share/mobile_dd_robot/environment/path.dsv
[0.642s] -- Installing: /home/siddarth/ws_ddmobile/install/mobile_dd_robot/share/mobile_dd_robot/local_setup.bash
[0.642s] -- Installing: /home/siddarth/ws_ddmobile/install/mobile_dd_robot/share/mobile_dd_robot/local_setup.sh
[0.642s] -- Installing: /home/siddarth/ws_ddmobile/install/mobile_dd_robot/share/mobile_dd_robot/local_setup.zsh
[0.642s] -- Installing: /home/siddarth/ws_ddmobile/install/mobile_dd_robot/share/mobile_dd_robot/local_setup.dsv
[0.642s] -- Installing: /home/siddarth/ws_ddmobile/install/mobile_dd_robot/share/mobile_dd_robot/package.dsv
[0.643s] -- Installing: /home/siddarth/ws_ddmobile/install/mobile_dd_robot/share/ament_index/resource_index/packages/mobile_dd_robot
[0.643s] -- Installing: /home/siddarth/ws_ddmobile/install/mobile_dd_robot/share/mobile_dd_robot/cmake/mobile_dd_robotConfig.cmake
[0.643s] -- Installing: /home/siddarth/ws_ddmobile/install/mobile_dd_robot/share/mobile_dd_robot/cmake/mobile_dd_robotConfig-version.cmake
[0.643s] -- Up-to-date: /home/siddarth/ws_ddmobile/install/mobile_dd_robot/share/mobile_dd_robot/package.xml
[0.645s] Invoked command in '/home/siddarth/ws_ddmobile/build/mobile_dd_robot' returned '0': CMAKE_PREFIX_PATH=/opt/ros/humble /usr/bin/cmake --install /home/siddarth/ws_ddmobile/build/mobile_dd_robot
