[0.009s] Invoking command in '/home/siddarth/ws_ddmobile/build/mobile_dd_robot': CMAKE_PREFIX_PATH=/opt/ros/humble /usr/bin/cmake --build /home/siddarth/ws_ddmobile/build/mobile_dd_robot -- -j12 -l12
[0.035s] -- Found ament_cmake: 1.3.9 (/opt/ros/humble/share/ament_cmake/cmake)
[0.138s] -- Found ament_lint_auto: 0.12.11 (/opt/ros/humble/share/ament_lint_auto/cmake)
[0.191s] -- Added test 'flake8' to check Python code syntax and style conventions
[0.191s] -- Added test 'lint_cmake' to check CMake code style
[0.192s] -- Added test 'pep257' to check Python code against some of the docstring style conventions in PEP 257
[0.193s] -- Added test 'xmllint' to check XML markup files
[0.194s] -- Configuring done
[0.197s] -- Generating done
[0.197s] -- Build files have been written to: /home/siddarth/ws_ddmobile/build/mobile_dd_robot
[0.222s] Invoked command in '/home/siddarth/ws_ddmobile/build/mobile_dd_robot' returned '0': CMAKE_PREFIX_PATH=/opt/ros/humble /usr/bin/cmake --build /home/siddarth/ws_ddmobile/build/mobile_dd_robot -- -j12 -l12
[0.258s] Invoking command in '/home/siddarth/ws_ddmobile/build/mobile_dd_robot': CMAKE_PREFIX_PATH=/opt/ros/humble /usr/bin/cmake --install /home/siddarth/ws_ddmobile/build/mobile_dd_robot
[0.266s] -- Install configuration: ""
[0.267s] -- Installing: /home/siddarth/ws_ddmobile/install/mobile_dd_robot/share/mobile_dd_robot/launch
[0.267s] -- Installing: /home/siddarth/ws_ddmobile/install/mobile_dd_robot/share/mobile_dd_robot/launch/gazebo_model.launch.py
[0.267s] -- Installing: /home/siddarth/ws_ddmobile/install/mobile_dd_robot/share/mobile_dd_robot/model
[0.267s] -- Installing: /home/siddarth/ws_ddmobile/install/mobile_dd_robot/share/mobile_dd_robot/model/robot.xacro
[0.267s] -- Installing: /home/siddarth/ws_ddmobile/install/mobile_dd_robot/share/mobile_dd_robot/model/robot.gazebo
[0.267s] -- Installing: /home/siddarth/ws_ddmobile/install/mobile_dd_robot/share/ament_index/resource_index/package_run_dependencies/mobile_dd_robot
[0.267s] -- Up-to-date: /home/siddarth/ws_ddmobile/install/mobile_dd_robot/share/ament_index/resource_index/parent_prefix_path/mobile_dd_robot
[0.267s] -- Up-to-date: /home/siddarth/ws_ddmobile/install/mobile_dd_robot/share/mobile_dd_robot/environment/ament_prefix_path.sh
[0.267s] -- Installing: /home/siddarth/ws_ddmobile/install/mobile_dd_robot/share/mobile_dd_robot/environment/ament_prefix_path.dsv
[0.267s] -- Up-to-date: /home/siddarth/ws_ddmobile/install/mobile_dd_robot/share/mobile_dd_robot/environment/path.sh
[0.267s] -- Installing: /home/siddarth/ws_ddmobile/install/mobile_dd_robot/share/mobile_dd_robot/environment/path.dsv
[0.267s] -- Up-to-date: /home/siddarth/ws_ddmobile/install/mobile_dd_robot/share/mobile_dd_robot/local_setup.bash
[0.268s] -- Up-to-date: /home/siddarth/ws_ddmobile/install/mobile_dd_robot/share/mobile_dd_robot/local_setup.sh
[0.268s] -- Up-to-date: /home/siddarth/ws_ddmobile/install/mobile_dd_robot/share/mobile_dd_robot/local_setup.zsh
[0.268s] -- Installing: /home/siddarth/ws_ddmobile/install/mobile_dd_robot/share/mobile_dd_robot/local_setup.dsv
[0.268s] -- Installing: /home/siddarth/ws_ddmobile/install/mobile_dd_robot/share/mobile_dd_robot/package.dsv
[0.268s] -- Up-to-date: /home/siddarth/ws_ddmobile/install/mobile_dd_robot/share/ament_index/resource_index/packages/mobile_dd_robot
[0.268s] -- Up-to-date: /home/siddarth/ws_ddmobile/install/mobile_dd_robot/share/mobile_dd_robot/cmake/mobile_dd_robotConfig.cmake
[0.268s] -- Up-to-date: /home/siddarth/ws_ddmobile/install/mobile_dd_robot/share/mobile_dd_robot/cmake/mobile_dd_robotConfig-version.cmake
[0.268s] -- Installing: /home/siddarth/ws_ddmobile/install/mobile_dd_robot/share/mobile_dd_robot/package.xml
[0.270s] Invoked command in '/home/siddarth/ws_ddmobile/build/mobile_dd_robot' returned '0': CMAKE_PREFIX_PATH=/opt/ros/humble /usr/bin/cmake --install /home/siddarth/ws_ddmobile/build/mobile_dd_robot
