[0.007s] Invoking command in '/home/siddarth/ws_ddmobile/build/mobile_dd_robot': CMAKE_PREFIX_PATH=/opt/ros/humble /usr/bin/cmake /home/siddarth/ws_ddmobile/src/mobile_dd_robot -DCMAKE_INSTALL_PREFIX=/home/siddarth/ws_ddmobile/install/mobile_dd_robot
[0.094s] -- The C compiler identification is GNU 11.4.0
[0.166s] -- The CXX compiler identification is GNU 11.4.0
[0.176s] -- Detecting C compiler ABI info
[0.242s] -- Detecting C compiler ABI info - done
[0.247s] -- Check for working C compiler: /usr/bin/cc - skipped
[0.247s] -- Detecting C compile features
[0.248s] -- Detecting C compile features - done
[0.251s] -- Detecting CXX compiler ABI info
[0.325s] -- Detecting CXX compiler ABI info - done
[0.331s] -- Check for working CXX compiler: /usr/bin/c++ - skipped
[0.331s] -- Detecting CXX compile features
[0.332s] -- Detecting CXX compile features - done
[0.337s] -- Found ament_cmake: 1.3.9 (/opt/ros/humble/share/ament_cmake/cmake)
[0.462s] -- Found Python3: /usr/bin/python3 (found version "3.10.12") found components: Interpreter 
[0.545s] -- Found ament_lint_auto: 0.12.11 (/opt/ros/humble/share/ament_lint_auto/cmake)
[0.611s] -- Added test 'lint_cmake' to check CMake code style
[0.613s] -- Added test 'xmllint' to check XML markup files
[0.614s] -- Configuring done
[0.617s] -- Generating done
[0.618s] -- Build files have been written to: /home/siddarth/ws_ddmobile/build/mobile_dd_robot
[0.622s] Invoked command in '/home/siddarth/ws_ddmobile/build/mobile_dd_robot' returned '0': CMAKE_PREFIX_PATH=/opt/ros/humble /usr/bin/cmake /home/siddarth/ws_ddmobile/src/mobile_dd_robot -DCMAKE_INSTALL_PREFIX=/home/siddarth/ws_ddmobile/install/mobile_dd_robot
[0.624s] Invoking command in '/home/siddarth/ws_ddmobile/build/mobile_dd_robot': CMAKE_PREFIX_PATH=/opt/ros/humble /usr/bin/cmake --build /home/siddarth/ws_ddmobile/build/mobile_dd_robot -- -j12 -l12
[0.660s] Invoked command in '/home/siddarth/ws_ddmobile/build/mobile_dd_robot' returned '0': CMAKE_PREFIX_PATH=/opt/ros/humble /usr/bin/cmake --build /home/siddarth/ws_ddmobile/build/mobile_dd_robot -- -j12 -l12
[0.691s] Invoking command in '/home/siddarth/ws_ddmobile/build/mobile_dd_robot': CMAKE_PREFIX_PATH=/opt/ros/humble /usr/bin/cmake --install /home/siddarth/ws_ddmobile/build/mobile_dd_robot
[0.698s] -- Install configuration: ""
[0.698s] -- Installing: /home/siddarth/ws_ddmobile/install/mobile_dd_robot/share/ament_index/resource_index/package_run_dependencies/mobile_dd_robot
[0.698s] -- Installing: /home/siddarth/ws_ddmobile/install/mobile_dd_robot/share/ament_index/resource_index/parent_prefix_path/mobile_dd_robot
[0.698s] -- Installing: /home/siddarth/ws_ddmobile/install/mobile_dd_robot/share/mobile_dd_robot/environment/ament_prefix_path.sh
[0.698s] -- Installing: /home/siddarth/ws_ddmobile/install/mobile_dd_robot/share/mobile_dd_robot/environment/ament_prefix_path.dsv
[0.699s] -- Installing: /home/siddarth/ws_ddmobile/install/mobile_dd_robot/share/mobile_dd_robot/environment/path.sh
[0.699s] -- Installing: /home/siddarth/ws_ddmobile/install/mobile_dd_robot/share/mobile_dd_robot/environment/path.dsv
[0.699s] -- Installing: /home/siddarth/ws_ddmobile/install/mobile_dd_robot/share/mobile_dd_robot/local_setup.bash
[0.699s] -- Installing: /home/siddarth/ws_ddmobile/install/mobile_dd_robot/share/mobile_dd_robot/local_setup.sh
[0.699s] -- Installing: /home/siddarth/ws_ddmobile/install/mobile_dd_robot/share/mobile_dd_robot/local_setup.zsh
[0.699s] -- Installing: /home/siddarth/ws_ddmobile/install/mobile_dd_robot/share/mobile_dd_robot/local_setup.dsv
[0.699s] -- Installing: /home/siddarth/ws_ddmobile/install/mobile_dd_robot/share/mobile_dd_robot/package.dsv
[0.700s] -- Installing: /home/siddarth/ws_ddmobile/install/mobile_dd_robot/share/ament_index/resource_index/packages/mobile_dd_robot
[0.700s] -- Installing: /home/siddarth/ws_ddmobile/install/mobile_dd_robot/share/mobile_dd_robot/cmake/mobile_dd_robotConfig.cmake
[0.700s] -- Installing: /home/siddarth/ws_ddmobile/install/mobile_dd_robot/share/mobile_dd_robot/cmake/mobile_dd_robotConfig-version.cmake
[0.700s] -- Installing: /home/siddarth/ws_ddmobile/install/mobile_dd_robot/share/mobile_dd_robot/package.xml
[0.702s] Invoked command in '/home/siddarth/ws_ddmobile/build/mobile_dd_robot' returned '0': CMAKE_PREFIX_PATH=/opt/ros/humble /usr/bin/cmake --install /home/siddarth/ws_ddmobile/build/mobile_dd_robot
